<?xml version="1.0" encoding="utf-8"?><testsuites name="pytest tests"><testsuite name="pytest" errors="0" failures="0" skipped="0" tests="10" time="11.343" timestamp="2026-02-11T11:22:04.327388+00:00" hostname="agent-env-32ea8370-5268-4d07-8c5b-93f41aab5964"><testcase classname="backend.tests.test_new_features.TestArtistRegistration" name="test_artist_registration_with_bio_and_genre" time="0.742" /><testcase classname="backend.tests.test_new_features.TestArtistRegistration" name="test_artist_registration_without_optional_fields" time="0.672" /><testcase classname="backend.tests.test_new_features.TestArtistRegistration" name="test_listener_registration_does_not_save_genre" time="0.575" /><testcase classname="backend.tests.test_new_features.TestArtistRegistration" name="test_artist_profile_shows_bio_and_genre" time="1.123" /><testcase classname="backend.tests.test_new_features.TestArtistRegistration" name="test_auth_me_returns_genre_for_artist" time="0.911" /><testcase classname="backend.tests.test_new_features.TestChangePassword" name="test_change_password_success" time="3.169" /><testcase classname="backend.tests.test_new_features.TestChangePassword" name="test_change_password_wrong_current" time="1.665" /><testcase classname="backend.tests.test_new_features.TestChangePassword" name="test_change_password_short_new_password" time="1.558" /><testcase classname="backend.tests.test_new_features.TestChangePassword" name="test_change_password_requires_auth" time="0.342" /><testcase classname="backend.tests.test_new_features.TestLinkFromRegisterToArtistRegister" name="test_register_endpoint_exists" time="0.488" /></testsuite></testsuites>